<?xml version="1.0" encoding="UTF-8"?>
<testsuite name="com.udacity.GameTest" tests="1" skipped="0" failures="0" errors="0" timestamp="2021-05-01T10:50:25" hostname="DESKTOP-L0OV7R8" time="0.006">
  <properties/>
  <testcase name="horizontal_o_win_case1" classname="com.udacity.GameTest" time="0.006"/>
  <system-out><![CDATA[]]></system-out>
  <system-err><![CDATA[]]></system-err>
</testsuite>
